<?xml version="1.0" encoding="UTF-8"?>
<!-- Generated by org.testng.reporters.JUnitReportReporter -->
<testsuite hostname="Lakhan" failures="0" tests="10" name="Testngrevision.ParallelTestCasesChrome2Chrome2" time="21.369" errors="0" timestamp="2022-11-10T23:01:55 IST" skipped="0">
  <testcase classname="Testngrevision.ParallelTestCasesChrome2Chrome2" name="testcase88" time="1.450"/>
  <system-out>
    <![CDATA[Running TestCase 88 from Chrome2
Experience ARQ Prime - A Rule Based Investment Engine | Angel One]]>
  </system-out>
  <testcase classname="Testngrevision.ParallelTestCasesChrome2Chrome2" name="testcase55" time="2.121"/>
  <system-out>
    <![CDATA[Running TestCase 55 from Chrome2
SmartAPI]]>
  </system-out>
  <testcase classname="Testngrevision.ParallelTestCasesChrome2Chrome2" name="testcase011" time="3.080"/>
  <system-out>
    <![CDATA[Running TestCase 11 from Chrome2
Online Trading & Stock Broking in India | Angel One]]>
  </system-out>
  <testcase classname="Testngrevision.ParallelTestCasesChrome2Chrome2" name="testcase11" time="2.082"/>
  <system-out>
    <![CDATA[Running TestCase 11 from Chrome2
US ETFs Screener - List of ETFs starting with 'G' | Angel One]]>
  </system-out>
  <testcase classname="Testngrevision.ParallelTestCasesChrome2Chrome2" name="testcase66" time="1.801"/>
  <system-out>
    <![CDATA[Running TestCase 66 from Chrome2
Margin Trading Facility (MTF): Steps to Avail MTF | Angel One]]>
  </system-out>
  <testcase classname="Testngrevision.ParallelTestCasesChrome2Chrome2" name="testcase33" time="4.773"/>
  <system-out>
    <![CDATA[Running TestCase 33 from Chrome2
Mutual Fund App & SIP App for Online Investments in India | Angel BEE]]>
  </system-out>
  <testcase classname="Testngrevision.ParallelTestCasesChrome2Chrome2" name="testcase22" time="1.208"/>
  <system-out>
    <![CDATA[Running TestCase 22 from Chrome2
Online Trading App: Download the Share Market Trading App | Angel One]]>
  </system-out>
  <testcase classname="Testngrevision.ParallelTestCasesChrome2Chrome2" name="testcase44" time="1.163"/>
  <system-out>
    <![CDATA[Running TestCase 44 from Chrome2
Online Trading App: Download the Share Market Trading App | Angel One]]>
  </system-out>
  <testcase classname="Testngrevision.ParallelTestCasesChrome2Chrome2" name="testcase99" time="1.456"/>
  <system-out>
    <![CDATA[Running TestCase 99 from Chrome2
Stock Screener - List of Stock Starting with 'A' | Angel One]]>
  </system-out>
  <testcase classname="Testngrevision.ParallelTestCasesChrome2Chrome2" name="testcase77" time="2.235"/>
  <system-out>
    <![CDATA[Running TestCase 77 from Chrome2
Download Desktop App for Stock Market: SpeedPro | Angel One]]>
  </system-out>
</testsuite> <!-- Testngrevision.ParallelTestCasesChrome2Chrome2 -->
