<?xml version="1.0" encoding="UTF-8"?>
<!-- Generated by org.testng.reporters.JUnitReportReporter -->
<testsuite hostname="Lakhan" failures="0" tests="1" name="Mailextractotp.TLCmailtestclass" time="1.403" errors="0" timestamp="2022-11-12T18:29:35 IST" skipped="0">
  <testcase classname="Mailextractotp.TLCmailtestclass" name="tlcLogin" time="1.403"/>
  <system-out>
    <![CDATA[app@tractorlearningcenter.in
vepWkhkDHKr62tc]]>
  </system-out>
</testsuite> <!-- Mailextractotp.TLCmailtestclass -->
