<?xml version="1.0" encoding="UTF-8"?>
<!-- Generated by org.testng.reporters.JUnitReportReporter -->
<testsuite hostname="Lakhan" failures="0" tests="3" name="UpstoxTestngwithPropertyandHeadLess.UpstoxTestClassTestng" time="12.586" errors="0" timestamp="2022-11-15T09:03:48 IST" skipped="0">
  <testcase classname="UpstoxTestngwithPropertyandHeadLess.UpstoxTestClassTestng" name="verifyusertng" time="1.061"/>
  <system-out>
    <![CDATA[Expected Userid = Lakhan A.
Actual Userid = Lakhan A.
The User Loggined is same]]>
  </system-out>
  <testcase classname="UpstoxTestngwithPropertyandHeadLess.UpstoxTestClassTestng" name="logout" time="5.764"/>
  <system-out/>
  <testcase classname="UpstoxTestngwithPropertyandHeadLess.UpstoxTestClassTestng" name="login" time="5.761"/>
  <system-out/>
</testsuite> <!-- UpstoxTestngwithPropertyandHeadLess.UpstoxTestClassTestng -->
