<?xml version="1.0" encoding="UTF-8"?>
<!-- Generated by org.testng.reporters.JUnitReportReporter -->
<testsuite hostname="Lakhan" failures="0" tests="10" name="Testngrevision.ParallelTestCasesChrome1Chrome1" time="42.747" errors="0" timestamp="2022-11-10T23:01:55 IST" skipped="0">
  <testcase classname="Testngrevision.ParallelTestCasesChrome1Chrome1" name="testcase4" time="3.533"/>
  <system-out>
    <![CDATA[Running TestCase 4 from Chrome1]]>
  </system-out>
  <testcase classname="Testngrevision.ParallelTestCasesChrome1Chrome1" name="testcase5" time="3.781"/>
  <system-out>
    <![CDATA[Running TestCase 5 from Chrome1]]>
  </system-out>
  <testcase classname="Testngrevision.ParallelTestCasesChrome1Chrome1" name="testcase8" time="4.685"/>
  <system-out>
    <![CDATA[Running TestCase 8 from Chrome1]]>
  </system-out>
  <testcase classname="Testngrevision.ParallelTestCasesChrome1Chrome1" name="testcase6" time="3.384"/>
  <system-out>
    <![CDATA[Running TestCase 6 from Chrome1]]>
  </system-out>
  <testcase classname="Testngrevision.ParallelTestCasesChrome1Chrome1" name="testcase1" time="7.672"/>
  <system-out>
    <![CDATA[Running TestCase 1 from Chrome1]]>
  </system-out>
  <testcase classname="Testngrevision.ParallelTestCasesChrome1Chrome1" name="testcase7" time="1.558"/>
  <system-out>
    <![CDATA[Running TestCase 7 from Chrome1]]>
  </system-out>
  <testcase classname="Testngrevision.ParallelTestCasesChrome1Chrome1" name="testcase9" time="2.947"/>
  <system-out>
    <![CDATA[Running TestCase 9 from Chrome1]]>
  </system-out>
  <testcase classname="Testngrevision.ParallelTestCasesChrome1Chrome1" name="testcase10" time="4.948"/>
  <system-out>
    <![CDATA[Running TestCase 10 from Chrome1]]>
  </system-out>
  <testcase classname="Testngrevision.ParallelTestCasesChrome1Chrome1" name="testcase2" time="5.291"/>
  <system-out>
    <![CDATA[Running TestCase 2 from Chrome1]]>
  </system-out>
  <testcase classname="Testngrevision.ParallelTestCasesChrome1Chrome1" name="testcase3" time="4.948"/>
  <system-out>
    <![CDATA[Running TestCase 3 from Chrome1]]>
  </system-out>
</testsuite> <!-- Testngrevision.ParallelTestCasesChrome1Chrome1 -->
