<?xml version="1.0" encoding="UTF-8"?>
<!-- Generated by org.testng.reporters.JUnitReportReporter -->
<testsuite hostname="Lakhan" failures="0" tests="10" name="Testngrevision.ParallelTestCasesChromeChrome" time="21.203" errors="0" timestamp="2022-11-10T18:53:27 IST" skipped="0">
  <testcase classname="Testngrevision.ParallelTestCasesChromeChrome" name="testcase55" time="2.574"/>
  <system-out>
    <![CDATA[Running TestCase 55 from Chrome]]>
  </system-out>
  <testcase classname="Testngrevision.ParallelTestCasesChromeChrome" name="testcase88" time="1.196"/>
  <system-out>
    <![CDATA[Running TestCase 88 from Chrome]]>
  </system-out>
  <testcase classname="Testngrevision.ParallelTestCasesChromeChrome" name="testcase011" time="3.768"/>
  <system-out>
    <![CDATA[Running TestCase 11 from Chrome]]>
  </system-out>
  <testcase classname="Testngrevision.ParallelTestCasesChromeChrome" name="testcase22" time="1.300"/>
  <system-out>
    <![CDATA[Running TestCase 22 from Chrome]]>
  </system-out>
  <testcase classname="Testngrevision.ParallelTestCasesChromeChrome" name="testcase77" time="1.981"/>
  <system-out>
    <![CDATA[Running TestCase 77 from Chrome]]>
  </system-out>
  <testcase classname="Testngrevision.ParallelTestCasesChromeChrome" name="testcase99" time="1.259"/>
  <system-out>
    <![CDATA[Running TestCase 99 from Chrome]]>
  </system-out>
  <testcase classname="Testngrevision.ParallelTestCasesChromeChrome" name="testcase44" time="1.282"/>
  <system-out>
    <![CDATA[Running TestCase 44 from Chrome]]>
  </system-out>
  <testcase classname="Testngrevision.ParallelTestCasesChromeChrome" name="testcase66" time="2.649"/>
  <system-out>
    <![CDATA[Running TestCase 66 from Chrome]]>
  </system-out>
  <testcase classname="Testngrevision.ParallelTestCasesChromeChrome" name="testcase11" time="1.249"/>
  <system-out>
    <![CDATA[Running TestCase 11 from Chrome]]>
  </system-out>
  <testcase classname="Testngrevision.ParallelTestCasesChromeChrome" name="testcase33" time="3.945"/>
  <system-out>
    <![CDATA[Running TestCase 33 from Chrome]]>
  </system-out>
</testsuite> <!-- Testngrevision.ParallelTestCasesChromeChrome -->
