<?xml version="1.0" encoding="UTF-8"?>
<!-- Generated by org.testng.reporters.JUnitReportReporter -->
<testsuite hostname="Lakhan" failures="0" tests="1" name="Mailextractotp.TLCTestNglass" time="88.900" errors="0" timestamp="2022-11-29T13:04:32 IST" skipped="0">
  <testcase classname="Mailextractotp.TLCTestNglass" name="tlcLogin" time="88.900"/>
  <system-out/>
</testsuite> <!-- Mailextractotp.TLCTestNglass -->
