<?xml version="1.0" encoding="UTF-8"?>
<!-- Generated by org.testng.reporters.JUnitReportReporter -->
<testsuite hostname="Lakhan" failures="0" tests="1" name="Mailextractotp.TLCmailtestcTestNglass" time="12.843" errors="0" timestamp="2022-11-12T21:56:22 IST" skipped="0">
  <testcase classname="Mailextractotp.TLCmailtestcTestNglass" name="tlcLogin" time="12.843"/>
  <system-out/>
</testsuite> <!-- Mailextractotp.TLCmailtestcTestNglass -->
