<?xml version="1.0" encoding="UTF-8"?>
<!-- Generated by org.testng.reporters.JUnitReportReporter -->
<testsuite hostname="Lakhan" failures="0" tests="2" name="Testng_Keywords.Testng_Test_Before_After_Class" time="0.031" errors="0" timestamp="2022-11-09T13:04:01 IST" skipped="0">
  <testcase classname="Testng_Keywords.Testng_Test_Before_After_Class" name="testCase2" time="0.004"/>
  <system-out>
    <![CDATA[Running the Testng method 2 with Test Anotation]]>
  </system-out>
  <testcase classname="Testng_Keywords.Testng_Test_Before_After_Class" name="testCase1" time="0.027"/>
  <system-out>
    <![CDATA[Running the Testng method 1 with Test Anotation ]]>
  </system-out>
</testsuite> <!-- Testng_Keywords.Testng_Test_Before_After_Class -->
