<?xml version="1.0" encoding="UTF-8"?>
<!-- Generated by org.testng.reporters.JUnitReportReporter -->
<testsuite hostname="Lakhan" failures="0" tests="1" name="TestNG2practise.TestNgclass" time="0.092" errors="0" timestamp="2022-11-12T12:19:15 IST" skipped="0">
  <testcase classname="TestNG2practise.TestNgclass" name="verifyusername" time="0.092"/>
  <system-out>
    <![CDATA[Test case is pass: user verified]]>
  </system-out>
</testsuite> <!-- TestNG2practise.TestNgclass -->
