<?xml version="1.0" encoding="UTF-8"?>
<!-- Generated by org.testng.reporters.JUnitReportReporter -->
<testsuite hostname="Lakhan" failures="0" tests="3" name="UpstoxLoginTestNgWithproperyfiles.UpstoxTestClassTestng" time="13.869" errors="0" timestamp="2022-11-15T12:34:25 IST" skipped="0">
  <testcase classname="UpstoxLoginTestNgWithproperyfiles.UpstoxTestClassTestng" name="logout" time="5.681"/>
  <system-out/>
  <testcase classname="UpstoxLoginTestNgWithproperyfiles.UpstoxTestClassTestng" name="verifyusertng" time="0.936"/>
  <system-out>
    <![CDATA[Expected Userid = Lakhan A.
Actual Userid = Lakhan A.
The User Loggined is same]]>
  </system-out>
  <testcase classname="UpstoxLoginTestNgWithproperyfiles.UpstoxTestClassTestng" name="login" time="7.252"/>
  <system-out/>
</testsuite> <!-- UpstoxLoginTestNgWithproperyfiles.UpstoxTestClassTestng -->
