<?xml version="1.0" encoding="UTF-8"?>
<!-- Generated by org.testng.reporters.JUnitReportReporter -->
<testsuite hostname="Lakhan" failures="0" tests="2" name="Testng_Keywords.TestNGGrouping2" time="0.002" errors="0" timestamp="2022-11-09T15:29:08 IST" skipped="0">
  <testcase classname="Testng_Keywords.TestNGGrouping2" name="testCase7" time="0.001"/>
  <system-out>
    <![CDATA[Running Testcase 7 from group 2]]>
  </system-out>
  <testcase classname="Testng_Keywords.TestNGGrouping2" name="testCase5" time="0.001"/>
  <system-out>
    <![CDATA[Running Testcase 5 from group 2]]>
  </system-out>
</testsuite> <!-- Testng_Keywords.TestNGGrouping2 -->
