<?xml version="1.0" encoding="UTF-8"?>
<!-- Generated by org.testng.reporters.JUnitReportReporter -->
<testsuite hostname="Lakhan" failures="0" tests="10" name="Testngrevision.ParallelTestCasesFirefoxFirefox" time="39.082" errors="0" timestamp="2022-11-10T18:53:27 IST" skipped="0">
  <testcase classname="Testngrevision.ParallelTestCasesFirefoxFirefox" name="testcase4" time="3.155"/>
  <system-out>
    <![CDATA[Running TestCase 4 from Firefox]]>
  </system-out>
  <testcase classname="Testngrevision.ParallelTestCasesFirefoxFirefox" name="testcase8" time="3.516"/>
  <system-out>
    <![CDATA[Running TestCase 8 from Firefox]]>
  </system-out>
  <testcase classname="Testngrevision.ParallelTestCasesFirefoxFirefox" name="testcase9" time="3.361"/>
  <system-out>
    <![CDATA[Running TestCase 9 from Firefox]]>
  </system-out>
  <testcase classname="Testngrevision.ParallelTestCasesFirefoxFirefox" name="testcase3" time="5.335"/>
  <system-out>
    <![CDATA[Running TestCase 3 from Firefox]]>
  </system-out>
  <testcase classname="Testngrevision.ParallelTestCasesFirefoxFirefox" name="testcase5" time="3.035"/>
  <system-out>
    <![CDATA[Running TestCase 5 from Firefox]]>
  </system-out>
  <testcase classname="Testngrevision.ParallelTestCasesFirefoxFirefox" name="testcase10" time="4.145"/>
  <system-out>
    <![CDATA[Running TestCase 10 from Firefox]]>
  </system-out>
  <testcase classname="Testngrevision.ParallelTestCasesFirefoxFirefox" name="testcase7" time="1.421"/>
  <system-out>
    <![CDATA[Running TestCase 7 from Firefox]]>
  </system-out>
  <testcase classname="Testngrevision.ParallelTestCasesFirefoxFirefox" name="testcase2" time="4.989"/>
  <system-out>
    <![CDATA[Running TestCase 2 from Firefox]]>
  </system-out>
  <testcase classname="Testngrevision.ParallelTestCasesFirefoxFirefox" name="testcase6" time="3.722"/>
  <system-out>
    <![CDATA[Running TestCase 6 from Firefox]]>
  </system-out>
  <testcase classname="Testngrevision.ParallelTestCasesFirefoxFirefox" name="testcase1" time="6.403"/>
  <system-out>
    <![CDATA[Running TestCase 1 from Firefox]]>
  </system-out>
</testsuite> <!-- Testngrevision.ParallelTestCasesFirefoxFirefox -->
