<?xml version="1.0" encoding="UTF-8"?>
<!-- Generated by org.testng.reporters.JUnitReportReporter -->
<testsuite hostname="Lakhan" failures="0" tests="1" name="Mailextractotp.TLCTestNglass" time="89.312" errors="0" timestamp="2022-11-14T19:00:14 IST" skipped="0">
  <testcase classname="Mailextractotp.TLCTestNglass" name="tlcLogin" time="89.312"/>
  <system-out/>
</testsuite> <!-- Mailextractotp.TLCTestNglass -->
