<?xml version="1.0" encoding="UTF-8"?>
<!-- Generated by org.testng.reporters.JUnitReportReporter -->
<testsuite hostname="Lakhan" failures="0" tests="2" name="Testng_Keywords.TestNGGrouping" time="0.016" errors="0" timestamp="2022-11-09T15:35:38 IST" skipped="0">
  <testcase classname="Testng_Keywords.TestNGGrouping" name="testCase4" time="0.001"/>
  <system-out>
    <![CDATA[Running Testcase 4 from group 2]]>
  </system-out>
  <testcase classname="Testng_Keywords.TestNGGrouping" name="testCase2" time="0.015"/>
  <system-out>
    <![CDATA[Running Testcase 2 from group 1]]>
  </system-out>
</testsuite> <!-- Testng_Keywords.TestNGGrouping -->
